<?xml version="1.0" encoding="UTF-8"?>
<testsuite name="CalculadoraKtTest" tests="4" skipped="0" failures="0" errors="0" timestamp="2022-03-09T20:03:27" hostname="GENERATION-PC" time="0.071">
  <properties/>
  <testcase name="subTest()" classname="CalculadoraKtTest" time="0.056"/>
  <testcase name="multTest()" classname="CalculadoraKtTest" time="0.003"/>
  <testcase name="somaTest()" classname="CalculadoraKtTest" time="0.001"/>
  <testcase name="divTest()" classname="CalculadoraKtTest" time="0.002"/>
  <system-out><![CDATA[]]></system-out>
  <system-err><![CDATA[]]></system-err>
</testsuite>
